<?xml version="1.0" encoding="UTF-8"?>
<!-- Generated by org.testng.reporters.JUnitReportReporter -->
<testsuite hostname="LAPTOP-3FC1F8QA" failures="0" tests="3" name="com.simplilearn.phasethreeproject.petstore.as005" time="5.788" errors="0" timestamp="2024-01-24T10:13:55 IST" skipped="0">
  <testcase classname="com.simplilearn.phasethreeproject.petstore.as005" name="testFindByStatusPending" time="1.287"/>
  <testcase classname="com.simplilearn.phasethreeproject.petstore.as005" name="testFindByStatusSold" time="1.198"/>
  <testcase classname="com.simplilearn.phasethreeproject.petstore.as005" name="testFindByStatusAvailable" time="3.303"/>
</testsuite> <!-- com.simplilearn.phasethreeproject.petstore.as005 -->
