<?xml version="1.0" encoding="UTF-8"?>
<!-- Generated by org.testng.reporters.JUnitReportReporter -->
<testsuite hostname="LAPTOP-3FC1F8QA" failures="0" tests="1" name="com.simplilearn.phasethreeproject.petstore.PetStore" time="3.391" errors="0" timestamp="2024-01-23T22:52:14 IST" skipped="0">
  <testcase classname="com.simplilearn.phasethreeproject.petstore.PetStore" name="testPostRequest" time="3.391"/>
</testsuite> <!-- com.simplilearn.phasethreeproject.petstore.PetStore -->
