<?xml version="1.0" encoding="UTF-8"?>
<!-- Generated by org.testng.reporters.JUnitReportReporter -->
<testsuite hostname="LAPTOP-3FC1F8QA" failures="0" tests="1" name="com.simplilearn.phasethreeproject.petstore.login004" time="3.419" errors="0" timestamp="2024-01-24T10:10:55 IST" skipped="0">
  <testcase classname="com.simplilearn.phasethreeproject.petstore.login004" name="testLoginAPI" time="3.419"/>
</testsuite> <!-- com.simplilearn.phasethreeproject.petstore.login004 -->
