<?xml version="1.0" encoding="UTF-8"?>
<!-- Generated by org.testng.reporters.JUnitReportReporter -->
<testsuite hostname="LAPTOP-3FC1F8QA" failures="0" tests="1" name="com.simplilearn.phasethreeproject.petstore.as006" time="3.478" errors="0" timestamp="2024-01-24T10:17:24 IST" skipped="0">
  <testcase classname="com.simplilearn.phasethreeproject.petstore.as006" name="testLogoutAPI" time="3.478"/>
</testsuite> <!-- com.simplilearn.phasethreeproject.petstore.as006 -->
