<?xml version="1.0" encoding="UTF-8"?>
<!-- Generated by org.testng.reporters.JUnitReportReporter -->
<testsuite hostname="LAPTOP-3FC1F8QA" failures="0" tests="1" name="com.simplilearn.phasethreeproject.petstore.PetStoreAPITest" time="3.101" errors="0" timestamp="2024-01-23T22:53:26 IST" skipped="0">
  <testcase classname="com.simplilearn.phasethreeproject.petstore.PetStoreAPITest" name="testPostRequest" time="3.101"/>
</testsuite> <!-- com.simplilearn.phasethreeproject.petstore.PetStoreAPITest -->
